This is pdfTeX, Version 3.14159265-2.6-1.40.18 (TeX Live 2017) (preloaded format=pdflatex 2017.12.4)  10 APR 2019 12:19
entering extended mode
 restricted \write18 enabled.
 %&-line parsing enabled.
**\nonstopmode \input ./vignette-lslx.tex
(./vignette-lslx.tex
(/Library/Frameworks/R.framework/Resources/share/texmf/tex/latex/jss.cls
Document Class: jss 2015/09/01 3.0 jss class by Achim Zeileis
(/usr/local/texlive/2017/texmf-dist/tex/latex/base/article.cls
Document Class: article 2014/09/29 v1.4h Standard LaTeX document class
(/usr/local/texlive/2017/texmf-dist/tex/latex/base/size11.clo
File: size11.clo 2014/09/29 v1.4h Standard LaTeX file (size option)
)
\c@part=\count79
\c@section=\count80
\c@subsection=\count81
\c@subsubsection=\count82
\c@paragraph=\count83
\c@subparagraph=\count84
\c@figure=\count85
\c@table=\count86
\abovecaptionskip=\skip41
\belowcaptionskip=\skip42
\bibindent=\dimen102
)
(/usr/local/texlive/2017/texmf-dist/tex/latex/graphics/graphicx.sty
Package: graphicx 2014/10/28 v1.0g Enhanced LaTeX Graphics (DPC,SPQR)

(/usr/local/texlive/2017/texmf-dist/tex/latex/graphics/keyval.sty
Package: keyval 2014/10/28 v1.15 key=value parser (DPC)
\KV@toks@=\toks14
)
(/usr/local/texlive/2017/texmf-dist/tex/latex/graphics/graphics.sty
Package: graphics 2017/04/14 v1.1b Standard LaTeX Graphics (DPC,SPQR)

(/usr/local/texlive/2017/texmf-dist/tex/latex/graphics/trig.sty
Package: trig 2016/01/03 v1.10 sin cos tan (DPC)
)
(/usr/local/texlive/2017/texmf-dist/tex/latex/graphics-cfg/graphics.cfg
File: graphics.cfg 2016/06/04 v1.11 sample graphics configuration
)
Package graphics Info: Driver file: pdftex.def on input line 99.

(/usr/local/texlive/2017/texmf-dist/tex/latex/graphics-def/pdftex.def
File: pdftex.def 2017/01/12 v0.06k Graphics/color for pdfTeX

(/usr/local/texlive/2017/texmf-dist/tex/generic/oberdiek/infwarerr.sty
Package: infwarerr 2016/05/16 v1.4 Providing info/warning/error messages (HO)
)
(/usr/local/texlive/2017/texmf-dist/tex/generic/oberdiek/ltxcmds.sty
Package: ltxcmds 2016/05/16 v1.23 LaTeX kernel commands for general use (HO)
)
\Gread@gobject=\count87
))
\Gin@req@height=\dimen103
\Gin@req@width=\dimen104
)
(/usr/local/texlive/2017/texmf-dist/tex/latex/graphics/color.sty
Package: color 2016/07/10 v1.1e Standard LaTeX Color (DPC)

(/usr/local/texlive/2017/texmf-dist/tex/latex/graphics-cfg/color.cfg
File: color.cfg 2016/01/02 v1.6 sample color configuration
)
Package color Info: Driver file: pdftex.def on input line 147.
)
(/usr/local/texlive/2017/texmf-dist/tex/latex/ae/ae.sty
Package: ae 2001/02/12 1.3 Almost European Computer Modern

(/usr/local/texlive/2017/texmf-dist/tex/latex/base/fontenc.sty
Package: fontenc 2017/04/05 v2.0i Standard LaTeX package

(/usr/local/texlive/2017/texmf-dist/tex/latex/base/t1enc.def
File: t1enc.def 2017/04/05 v2.0i Standard LaTeX file
LaTeX Font Info:    Redeclaring font encoding T1 on input line 48.
)
LaTeX Font Info:    Try loading font information for T1+aer on input line 105.

(/usr/local/texlive/2017/texmf-dist/tex/latex/ae/t1aer.fd
File: t1aer.fd 1997/11/16 Font definitions for T1/aer.
)))
(/usr/local/texlive/2017/texmf-dist/tex/latex/fancyvrb/fancyvrb.sty
Package: fancyvrb 2008/02/07

Style option: `fancyvrb' v2.7a, with DG/SPQR fixes, and firstline=lastline fix 
<2008/02/07> (tvz)
\FV@CodeLineNo=\count88
\FV@InFile=\read1
\FV@TabBox=\box26
\c@FancyVerbLine=\count89
\FV@StepNumber=\count90
\FV@OutFile=\write3
)
(/usr/local/texlive/2017/texmf-dist/tex/latex/base/fontenc.sty
Package: fontenc 2017/04/05 v2.0i Standard LaTeX package

(/usr/local/texlive/2017/texmf-dist/tex/latex/base/t1enc.def
File: t1enc.def 2017/04/05 v2.0i Standard LaTeX file
LaTeX Font Info:    Redeclaring font encoding T1 on input line 48.
))
(/usr/local/texlive/2017/texmf-dist/tex/latex/upquote/upquote.sty
Package: upquote 2012/04/19 v1.3 upright-quote and grave-accent glyphs in verba
tim

(/usr/local/texlive/2017/texmf-dist/tex/latex/base/textcomp.sty
Package: textcomp 2017/04/05 v2.0i Standard LaTeX package
Package textcomp Info: Sub-encoding information:
(textcomp)               5 = only ISO-Adobe without \textcurrency
(textcomp)               4 = 5 + \texteuro
(textcomp)               3 = 4 + \textohm
(textcomp)               2 = 3 + \textestimated + \textcurrency
(textcomp)               1 = TS1 - \textcircled - \t
(textcomp)               0 = TS1 (full)
(textcomp)             Font families with sub-encoding setting implement
(textcomp)             only a restricted character set as indicated.
(textcomp)             Family '?' is the default used for unknown fonts.
(textcomp)             See the documentation for details.
Package textcomp Info: Setting ? sub-encoding to TS1/1 on input line 79.

(/usr/local/texlive/2017/texmf-dist/tex/latex/base/ts1enc.def
File: ts1enc.def 2001/06/05 v3.0e (jk/car/fm) Standard LaTeX file
)
LaTeX Info: Redefining \oldstylenums on input line 334.
Package textcomp Info: Setting cmr sub-encoding to TS1/0 on input line 349.
Package textcomp Info: Setting cmss sub-encoding to TS1/0 on input line 350.
Package textcomp Info: Setting cmtt sub-encoding to TS1/0 on input line 351.
Package textcomp Info: Setting cmvtt sub-encoding to TS1/0 on input line 352.
Package textcomp Info: Setting cmbr sub-encoding to TS1/0 on input line 353.
Package textcomp Info: Setting cmtl sub-encoding to TS1/0 on input line 354.
Package textcomp Info: Setting ccr sub-encoding to TS1/0 on input line 355.
Package textcomp Info: Setting ptm sub-encoding to TS1/4 on input line 356.
Package textcomp Info: Setting pcr sub-encoding to TS1/4 on input line 357.
Package textcomp Info: Setting phv sub-encoding to TS1/4 on input line 358.
Package textcomp Info: Setting ppl sub-encoding to TS1/3 on input line 359.
Package textcomp Info: Setting pag sub-encoding to TS1/4 on input line 360.
Package textcomp Info: Setting pbk sub-encoding to TS1/4 on input line 361.
Package textcomp Info: Setting pnc sub-encoding to TS1/4 on input line 362.
Package textcomp Info: Setting pzc sub-encoding to TS1/4 on input line 363.
Package textcomp Info: Setting bch sub-encoding to TS1/4 on input line 364.
Package textcomp Info: Setting put sub-encoding to TS1/5 on input line 365.
Package textcomp Info: Setting uag sub-encoding to TS1/5 on input line 366.
Package textcomp Info: Setting ugq sub-encoding to TS1/5 on input line 367.
Package textcomp Info: Setting ul8 sub-encoding to TS1/4 on input line 368.
Package textcomp Info: Setting ul9 sub-encoding to TS1/4 on input line 369.
Package textcomp Info: Setting augie sub-encoding to TS1/5 on input line 370.
Package textcomp Info: Setting dayrom sub-encoding to TS1/3 on input line 371.
Package textcomp Info: Setting dayroms sub-encoding to TS1/3 on input line 372.

Package textcomp Info: Setting pxr sub-encoding to TS1/0 on input line 373.
Package textcomp Info: Setting pxss sub-encoding to TS1/0 on input line 374.
Package textcomp Info: Setting pxtt sub-encoding to TS1/0 on input line 375.
Package textcomp Info: Setting txr sub-encoding to TS1/0 on input line 376.
Package textcomp Info: Setting txss sub-encoding to TS1/0 on input line 377.
Package textcomp Info: Setting txtt sub-encoding to TS1/0 on input line 378.
Package textcomp Info: Setting lmr sub-encoding to TS1/0 on input line 379.
Package textcomp Info: Setting lmdh sub-encoding to TS1/0 on input line 380.
Package textcomp Info: Setting lmss sub-encoding to TS1/0 on input line 381.
Package textcomp Info: Setting lmssq sub-encoding to TS1/0 on input line 382.
Package textcomp Info: Setting lmvtt sub-encoding to TS1/0 on input line 383.
Package textcomp Info: Setting lmtt sub-encoding to TS1/0 on input line 384.
Package textcomp Info: Setting qhv sub-encoding to TS1/0 on input line 385.
Package textcomp Info: Setting qag sub-encoding to TS1/0 on input line 386.
Package textcomp Info: Setting qbk sub-encoding to TS1/0 on input line 387.
Package textcomp Info: Setting qcr sub-encoding to TS1/0 on input line 388.
Package textcomp Info: Setting qcs sub-encoding to TS1/0 on input line 389.
Package textcomp Info: Setting qpl sub-encoding to TS1/0 on input line 390.
Package textcomp Info: Setting qtm sub-encoding to TS1/0 on input line 391.
Package textcomp Info: Setting qzc sub-encoding to TS1/0 on input line 392.
Package textcomp Info: Setting qhvc sub-encoding to TS1/0 on input line 393.
Package textcomp Info: Setting futs sub-encoding to TS1/4 on input line 394.
Package textcomp Info: Setting futx sub-encoding to TS1/4 on input line 395.
Package textcomp Info: Setting futj sub-encoding to TS1/4 on input line 396.
Package textcomp Info: Setting hlh sub-encoding to TS1/3 on input line 397.
Package textcomp Info: Setting hls sub-encoding to TS1/3 on input line 398.
Package textcomp Info: Setting hlst sub-encoding to TS1/3 on input line 399.
Package textcomp Info: Setting hlct sub-encoding to TS1/5 on input line 400.
Package textcomp Info: Setting hlx sub-encoding to TS1/5 on input line 401.
Package textcomp Info: Setting hlce sub-encoding to TS1/5 on input line 402.
Package textcomp Info: Setting hlcn sub-encoding to TS1/5 on input line 403.
Package textcomp Info: Setting hlcw sub-encoding to TS1/5 on input line 404.
Package textcomp Info: Setting hlcf sub-encoding to TS1/5 on input line 405.
Package textcomp Info: Setting pplx sub-encoding to TS1/3 on input line 406.
Package textcomp Info: Setting pplj sub-encoding to TS1/3 on input line 407.
Package textcomp Info: Setting ptmx sub-encoding to TS1/4 on input line 408.
Package textcomp Info: Setting ptmj sub-encoding to TS1/4 on input line 409.
))
(/usr/local/texlive/2017/texmf-dist/tex/latex/natbib/natbib.sty
Package: natbib 2010/09/13 8.31b (PWD, AO)
\bibhang=\skip43
\bibsep=\skip44
LaTeX Info: Redefining \cite on input line 694.
\c@NAT@ctr=\count91
)
\footerskip=\skip45

(/usr/local/texlive/2017/texmf-dist/tex/latex/hyperref/hyperref.sty
Package: hyperref 2017/03/14 v6.85a Hypertext links for LaTeX

(/usr/local/texlive/2017/texmf-dist/tex/generic/oberdiek/hobsub-hyperref.sty
Package: hobsub-hyperref 2016/05/16 v1.14 Bundle oberdiek, subset hyperref (HO)


(/usr/local/texlive/2017/texmf-dist/tex/generic/oberdiek/hobsub-generic.sty
Package: hobsub-generic 2016/05/16 v1.14 Bundle oberdiek, subset generic (HO)
Package: hobsub 2016/05/16 v1.14 Construct package bundles (HO)
Package hobsub Info: Skipping package `infwarerr' (already loaded).
Package hobsub Info: Skipping package `ltxcmds' (already loaded).
Package: ifluatex 2016/05/16 v1.4 Provides the ifluatex switch (HO)
Package ifluatex Info: LuaTeX not detected.
Package: ifvtex 2016/05/16 v1.6 Detect VTeX and its facilities (HO)
Package ifvtex Info: VTeX not detected.
Package: intcalc 2016/05/16 v1.2 Expandable calculations with integers (HO)
Package: ifpdf 2017/03/15 v3.2 Provides the ifpdf switch
Package: etexcmds 2016/05/16 v1.6 Avoid name clashes with e-TeX commands (HO)
Package etexcmds Info: Could not find \expanded.
(etexcmds)             That can mean that you are not using pdfTeX 1.50 or
(etexcmds)             that some package has redefined \expanded.
(etexcmds)             In the latter case, load this package earlier.
Package: kvsetkeys 2016/05/16 v1.17 Key value parser (HO)
Package: kvdefinekeys 2016/05/16 v1.4 Define keys (HO)
Package: pdftexcmds 2017/03/19 v0.25 Utility functions of pdfTeX for LuaTeX (HO
)
Package pdftexcmds Info: LuaTeX not detected.
Package pdftexcmds Info: \pdf@primitive is available.
Package pdftexcmds Info: \pdf@ifprimitive is available.
Package pdftexcmds Info: \pdfdraftmode found.
Package: pdfescape 2016/05/16 v1.14 Implements pdfTeX's escape features (HO)
Package: bigintcalc 2016/05/16 v1.4 Expandable calculations on big integers (HO
)
Package: bitset 2016/05/16 v1.2 Handle bit-vector datatype (HO)
Package: uniquecounter 2016/05/16 v1.3 Provide unlimited unique counter (HO)
)
Package hobsub Info: Skipping package `hobsub' (already loaded).
Package: letltxmacro 2016/05/16 v1.5 Let assignment for LaTeX macros (HO)
Package: hopatch 2016/05/16 v1.3 Wrapper for package hooks (HO)
Package: xcolor-patch 2016/05/16 xcolor patch
Package: atveryend 2016/05/16 v1.9 Hooks at the very end of document (HO)
Package atveryend Info: \enddocument detected (standard20110627).
Package: atbegshi 2016/06/09 v1.18 At begin shipout hook (HO)
Package: refcount 2016/05/16 v3.5 Data extraction from label references (HO)
Package: hycolor 2016/05/16 v1.8 Color options for hyperref/bookmark (HO)
)
(/usr/local/texlive/2017/texmf-dist/tex/generic/ifxetex/ifxetex.sty
Package: ifxetex 2010/09/12 v0.6 Provides ifxetex conditional
)
(/usr/local/texlive/2017/texmf-dist/tex/latex/oberdiek/auxhook.sty
Package: auxhook 2016/05/16 v1.4 Hooks for auxiliary files (HO)
)
(/usr/local/texlive/2017/texmf-dist/tex/latex/oberdiek/kvoptions.sty
Package: kvoptions 2016/05/16 v3.12 Key value format for package options (HO)
)
\@linkdim=\dimen105
\Hy@linkcounter=\count92
\Hy@pagecounter=\count93

(/usr/local/texlive/2017/texmf-dist/tex/latex/hyperref/pd1enc.def
File: pd1enc.def 2017/03/14 v6.85a Hyperref: PDFDocEncoding definition (HO)
)
\Hy@SavedSpaceFactor=\count94

(/usr/local/texlive/2017/texmf-dist/tex/latex/latexconfig/hyperref.cfg
File: hyperref.cfg 2002/06/06 v1.2 hyperref configuration of TeXLive
)
Package hyperref Info: Hyper figures OFF on input line 4498.
Package hyperref Info: Link nesting OFF on input line 4503.
Package hyperref Info: Hyper index ON on input line 4506.
Package hyperref Info: Plain pages OFF on input line 4513.
Package hyperref Info: Backreferencing OFF on input line 4518.
Package hyperref Info: Implicit mode ON; LaTeX internals redefined.
Package hyperref Info: Bookmarks ON on input line 4751.
\c@Hy@tempcnt=\count95

(/usr/local/texlive/2017/texmf-dist/tex/latex/url/url.sty
\Urlmuskip=\muskip10
Package: url 2013/09/16  ver 3.4  Verb mode for urls, etc.
)
LaTeX Info: Redefining \url on input line 5104.
\XeTeXLinkMargin=\dimen106
\Fld@menulength=\count96
\Field@Width=\dimen107
\Fld@charsize=\dimen108
Package hyperref Info: Hyper figures OFF on input line 6358.
Package hyperref Info: Link nesting OFF on input line 6363.
Package hyperref Info: Hyper index ON on input line 6366.
Package hyperref Info: backreferencing OFF on input line 6373.
Package hyperref Info: Link coloring OFF on input line 6378.
Package hyperref Info: Link coloring with OCG OFF on input line 6383.
Package hyperref Info: PDF/A mode OFF on input line 6388.
LaTeX Info: Redefining \ref on input line 6428.
LaTeX Info: Redefining \pageref on input line 6432.
\Hy@abspage=\count97
\c@Item=\count98
\c@Hfootnote=\count99
)

Package hyperref Message: Driver (autodetected): hpdftex.

(/usr/local/texlive/2017/texmf-dist/tex/latex/hyperref/hpdftex.def
File: hpdftex.def 2017/03/14 v6.85a Hyperref driver for pdfTeX
\Fld@listcount=\count100
\c@bookmark@seq@number=\count101

(/usr/local/texlive/2017/texmf-dist/tex/latex/oberdiek/rerunfilecheck.sty
Package: rerunfilecheck 2016/05/16 v1.8 Rerun checks for auxiliary files (HO)
Package uniquecounter Info: New unique counter `rerunfilecheck' on input line 2
82.
)
\Hy@SectionHShift=\skip46
)
\preXLskip=\skip47
\preLskip=\skip48
\preMskip=\skip49
\preSskip=\skip50
\postMskip=\skip51
\postSskip=\skip52


Package hyperref Warning: Option `hyperindex' has already been used,
(hyperref)                setting the option has no effect on input line 446.

Package hyperref Info: Option `colorlinks' set `true' on input line 446.
Package hyperref Info: Option `linktocpage' set `true' on input line 446.
Package hyperref Info: Option `plainpages' set `false' on input line 446.
) (/usr/local/texlive/2017/texmf-dist/tex/generic/thumbpdf/thumbpdf.sty
Package: thumbpdf 2014/07/15 v3.16 Inclusion of thumbnails (HO)


Package thumbpdf Warning: Compressed PDF objects of PDF 1.5 are not supported.

\c@thumb=\count102
(./vignette-lslx.tpt))
(/usr/local/texlive/2017/texmf-dist/tex/latex/lm/lmodern.sty
Package: lmodern 2009/10/30 v1.6 Latin Modern Fonts
LaTeX Font Info:    Overwriting symbol font `operators' in version `normal'
(Font)                  OT1/cmr/m/n --> OT1/lmr/m/n on input line 22.
LaTeX Font Info:    Overwriting symbol font `letters' in version `normal'
(Font)                  OML/cmm/m/it --> OML/lmm/m/it on input line 23.
LaTeX Font Info:    Overwriting symbol font `symbols' in version `normal'
(Font)                  OMS/cmsy/m/n --> OMS/lmsy/m/n on input line 24.
LaTeX Font Info:    Overwriting symbol font `largesymbols' in version `normal'
(Font)                  OMX/cmex/m/n --> OMX/lmex/m/n on input line 25.
LaTeX Font Info:    Overwriting symbol font `operators' in version `bold'
(Font)                  OT1/cmr/bx/n --> OT1/lmr/bx/n on input line 26.
LaTeX Font Info:    Overwriting symbol font `letters' in version `bold'
(Font)                  OML/cmm/b/it --> OML/lmm/b/it on input line 27.
LaTeX Font Info:    Overwriting symbol font `symbols' in version `bold'
(Font)                  OMS/cmsy/b/n --> OMS/lmsy/b/n on input line 28.
LaTeX Font Info:    Overwriting symbol font `largesymbols' in version `bold'
(Font)                  OMX/cmex/m/n --> OMX/lmex/m/n on input line 29.
LaTeX Font Info:    Overwriting math alphabet `\mathbf' in version `normal'
(Font)                  OT1/cmr/bx/n --> OT1/lmr/bx/n on input line 31.
LaTeX Font Info:    Overwriting math alphabet `\mathsf' in version `normal'
(Font)                  OT1/cmss/m/n --> OT1/lmss/m/n on input line 32.
LaTeX Font Info:    Overwriting math alphabet `\mathit' in version `normal'
(Font)                  OT1/cmr/m/it --> OT1/lmr/m/it on input line 33.
LaTeX Font Info:    Overwriting math alphabet `\mathtt' in version `normal'
(Font)                  OT1/cmtt/m/n --> OT1/lmtt/m/n on input line 34.
LaTeX Font Info:    Overwriting math alphabet `\mathbf' in version `bold'
(Font)                  OT1/cmr/bx/n --> OT1/lmr/bx/n on input line 35.
LaTeX Font Info:    Overwriting math alphabet `\mathsf' in version `bold'
(Font)                  OT1/cmss/bx/n --> OT1/lmss/bx/n on input line 36.
LaTeX Font Info:    Overwriting math alphabet `\mathit' in version `bold'
(Font)                  OT1/cmr/bx/it --> OT1/lmr/bx/it on input line 37.
LaTeX Font Info:    Overwriting math alphabet `\mathtt' in version `bold'
(Font)                  OT1/cmtt/m/n --> OT1/lmtt/m/n on input line 38.
)
(/usr/local/texlive/2017/texmf-dist/tex/latex/amsfonts/amsfonts.sty
Package: amsfonts 2013/01/14 v3.01 Basic AMSFonts support
\@emptytoks=\toks15
\symAMSa=\mathgroup4
\symAMSb=\mathgroup5
LaTeX Font Info:    Overwriting math alphabet `\mathfrak' in version `bold'
(Font)                  U/euf/m/n --> U/euf/b/n on input line 106.
)
(/usr/local/texlive/2017/texmf-dist/tex/latex/amsmath/amsmath.sty
Package: amsmath 2016/11/05 v2.16a AMS math features
\@mathmargin=\skip53

For additional information on amsmath, use the `?' option.
(/usr/local/texlive/2017/texmf-dist/tex/latex/amsmath/amstext.sty
Package: amstext 2000/06/29 v2.01 AMS text

(/usr/local/texlive/2017/texmf-dist/tex/latex/amsmath/amsgen.sty
File: amsgen.sty 1999/11/30 v2.0 generic functions
\@emptytoks=\toks16
\ex@=\dimen109
))
(/usr/local/texlive/2017/texmf-dist/tex/latex/amsmath/amsbsy.sty
Package: amsbsy 1999/11/29 v1.2d Bold Symbols
\pmbraise@=\dimen110
)
(/usr/local/texlive/2017/texmf-dist/tex/latex/amsmath/amsopn.sty
Package: amsopn 2016/03/08 v2.02 operator names
)
\inf@bad=\count103
LaTeX Info: Redefining \frac on input line 213.
\uproot@=\count104
\leftroot@=\count105
LaTeX Info: Redefining \overline on input line 375.
\classnum@=\count106
\DOTSCASE@=\count107
LaTeX Info: Redefining \ldots on input line 472.
LaTeX Info: Redefining \dots on input line 475.
LaTeX Info: Redefining \cdots on input line 596.
\Mathstrutbox@=\box27
\strutbox@=\box28
\big@size=\dimen111
LaTeX Font Info:    Redeclaring font encoding OML on input line 712.
LaTeX Font Info:    Redeclaring font encoding OMS on input line 713.
\macc@depth=\count108
\c@MaxMatrixCols=\count109
\dotsspace@=\muskip11
\c@parentequation=\count110
\dspbrk@lvl=\count111
\tag@help=\toks17
\row@=\count112
\column@=\count113
\maxfields@=\count114
\andhelp@=\toks18
\eqnshift@=\dimen112
\alignsep@=\dimen113
\tagshift@=\dimen114
\tagwidth@=\dimen115
\totwidth@=\dimen116
\lineht@=\dimen117
\@envbody=\toks19
\multlinegap=\skip54
\multlinetaggap=\skip55
\mathdisplay@stack=\toks20
LaTeX Info: Redefining \[ on input line 2817.
LaTeX Info: Redefining \] on input line 2818.
)
(/usr/local/texlive/2017/texmf-dist/tex/latex/algorithm2e/algorithm2e.sty
Package: algorithm2e 2013/01/06 v5.00 algorithms environments
\c@AlgoLine=\count115

(/usr/local/texlive/2017/texmf-dist/tex/latex/base/ifthen.sty
Package: ifthen 2014/09/29 v1.1c Standard LaTeX ifthen package (DPC)
)
\algocf@hangindent=\skip56

(/usr/local/texlive/2017/texmf-dist/tex/latex/tools/xspace.sty
Package: xspace 2014/10/28 v1.13 Space after command names (DPC,MH)
)
(/usr/local/texlive/2017/texmf-dist/tex/latex/relsize/relsize.sty
Package: relsize 2013/03/29 ver 4.1
)
********************************************************
Package `algorithm2e' Release 5.1 -- october 19 2015 --
- algorithm2e-announce@lirmm.fr mailing list for announcement about releases
- algorithm2e-discussion@lirmm.fr mailing list for discussion about package
subscribe by emailing sympa@lirmm.fr with 'subscribe <list> <firstname name>'
- Author: Christophe Fiorio (christophe.fiorio@umontpellier.fr)
********************************************************
\skiptotal=\skip57
\skiplinenumber=\skip58
\skiprule=\skip59
\skiphlne=\skip60
\skiptext=\skip61
\skiplength=\skip62
\algomargin=\skip63
\skipalgocfslide=\skip64
\algowidth=\dimen118
\inoutsize=\dimen119
\inoutindent=\dimen120
\interspacetitleruled=\dimen121
\interspacealgoruled=\dimen122
\interspacetitleboxruled=\dimen123
\algocf@ruledwidth=\skip65
\algocf@inoutbox=\box29
\algocf@inputbox=\box30
\AlCapSkip=\skip66
\AlCapHSkip=\skip67
\algoskipindent=\skip68
\algocf@nlbox=\box31
\algocf@hangingbox=\box32
\algocf@untilbox=\box33
\algocf@skipuntil=\skip69
\algocf@capbox=\box34
\algoheightruledefault=\skip70
\algoheightrule=\skip71
\algotitleheightruledefault=\skip72
\algotitleheightrule=\skip73
\c@algocfline=\count116
\c@algocfproc=\count117
\c@algocf=\count118
\algocf@algoframe=\box35
\algocf@algobox=\box36
) (/usr/local/texlive/2017/texmf-dist/tex/latex/pgf/frontendlayer/tikz.sty
(/usr/local/texlive/2017/texmf-dist/tex/latex/pgf/basiclayer/pgf.sty
(/usr/local/texlive/2017/texmf-dist/tex/latex/pgf/utilities/pgfrcs.sty
(/usr/local/texlive/2017/texmf-dist/tex/generic/pgf/utilities/pgfutil-common.te
x
\pgfutil@everybye=\toks21
\pgfutil@tempdima=\dimen124
\pgfutil@tempdimb=\dimen125

(/usr/local/texlive/2017/texmf-dist/tex/generic/pgf/utilities/pgfutil-common-li
sts.tex))
(/usr/local/texlive/2017/texmf-dist/tex/generic/pgf/utilities/pgfutil-latex.def
\pgfutil@abb=\box37
(/usr/local/texlive/2017/texmf-dist/tex/latex/ms/everyshi.sty
Package: everyshi 2001/05/15 v3.00 EveryShipout Package (MS)
))
(/usr/local/texlive/2017/texmf-dist/tex/generic/pgf/utilities/pgfrcs.code.tex
Package: pgfrcs 2015/08/07 v3.0.1a (rcs-revision 1.31)
))
Package: pgf 2015/08/07 v3.0.1a (rcs-revision 1.15)
(/usr/local/texlive/2017/texmf-dist/tex/latex/pgf/basiclayer/pgfcore.sty
(/usr/local/texlive/2017/texmf-dist/tex/latex/pgf/systemlayer/pgfsys.sty
(/usr/local/texlive/2017/texmf-dist/tex/generic/pgf/systemlayer/pgfsys.code.tex
Package: pgfsys 2014/07/09 v3.0.1a (rcs-revision 1.48)
(/usr/local/texlive/2017/texmf-dist/tex/generic/pgf/utilities/pgfkeys.code.tex
\pgfkeys@pathtoks=\toks22
\pgfkeys@temptoks=\toks23

(/usr/local/texlive/2017/texmf-dist/tex/generic/pgf/utilities/pgfkeysfiltered.c
ode.tex
\pgfkeys@tmptoks=\toks24
))
\pgf@x=\dimen126
\pgf@y=\dimen127
\pgf@xa=\dimen128
\pgf@ya=\dimen129
\pgf@xb=\dimen130
\pgf@yb=\dimen131
\pgf@xc=\dimen132
\pgf@yc=\dimen133
\w@pgf@writea=\write4
\r@pgf@reada=\read2
\c@pgf@counta=\count119
\c@pgf@countb=\count120
\c@pgf@countc=\count121
\c@pgf@countd=\count122
\t@pgf@toka=\toks25
\t@pgf@tokb=\toks26
\t@pgf@tokc=\toks27

(/usr/local/texlive/2017/texmf-dist/tex/generic/pgf/systemlayer/pgf.cfg
File: pgf.cfg 2008/05/14  (rcs-revision 1.7)
)
Driver file for pgf: pgfsys-pdftex.def

(/usr/local/texlive/2017/texmf-dist/tex/generic/pgf/systemlayer/pgfsys-pdftex.d
ef
File: pgfsys-pdftex.def 2014/10/11  (rcs-revision 1.35)

(/usr/local/texlive/2017/texmf-dist/tex/generic/pgf/systemlayer/pgfsys-common-p
df.def
File: pgfsys-common-pdf.def 2013/10/10  (rcs-revision 1.13)
)))
(/usr/local/texlive/2017/texmf-dist/tex/generic/pgf/systemlayer/pgfsyssoftpath.
code.tex
File: pgfsyssoftpath.code.tex 2013/09/09  (rcs-revision 1.9)
\pgfsyssoftpath@smallbuffer@items=\count123
\pgfsyssoftpath@bigbuffer@items=\count124
)
(/usr/local/texlive/2017/texmf-dist/tex/generic/pgf/systemlayer/pgfsysprotocol.
code.tex
File: pgfsysprotocol.code.tex 2006/10/16  (rcs-revision 1.4)
)) (/usr/local/texlive/2017/texmf-dist/tex/latex/xcolor/xcolor.sty
Package: xcolor 2016/05/11 v2.12 LaTeX color extensions (UK)

(/usr/local/texlive/2017/texmf-dist/tex/latex/graphics-cfg/color.cfg
File: color.cfg 2016/01/02 v1.6 sample color configuration
)
Package xcolor Info: Driver file: pdftex.def on input line 225.
LaTeX Info: Redefining \color on input line 709.
Package xcolor Info: Model `cmy' substituted by `cmy0' on input line 1348.
Package xcolor Info: Model `hsb' substituted by `rgb' on input line 1352.
Package xcolor Info: Model `RGB' extended on input line 1364.
Package xcolor Info: Model `HTML' substituted by `rgb' on input line 1366.
Package xcolor Info: Model `Hsb' substituted by `hsb' on input line 1367.
Package xcolor Info: Model `tHsb' substituted by `hsb' on input line 1368.
Package xcolor Info: Model `HSB' substituted by `hsb' on input line 1369.
Package xcolor Info: Model `Gray' substituted by `gray' on input line 1370.
Package xcolor Info: Model `wave' substituted by `hsb' on input line 1371.
)
(/usr/local/texlive/2017/texmf-dist/tex/generic/pgf/basiclayer/pgfcore.code.tex
Package: pgfcore 2010/04/11 v3.0.1a (rcs-revision 1.7)
(/usr/local/texlive/2017/texmf-dist/tex/generic/pgf/math/pgfmath.code.tex
(/usr/local/texlive/2017/texmf-dist/tex/generic/pgf/math/pgfmathcalc.code.tex
(/usr/local/texlive/2017/texmf-dist/tex/generic/pgf/math/pgfmathutil.code.tex)
(/usr/local/texlive/2017/texmf-dist/tex/generic/pgf/math/pgfmathparser.code.tex
\pgfmath@dimen=\dimen134
\pgfmath@count=\count125
\pgfmath@box=\box38
\pgfmath@toks=\toks28
\pgfmath@stack@operand=\toks29
\pgfmath@stack@operation=\toks30
)
(/usr/local/texlive/2017/texmf-dist/tex/generic/pgf/math/pgfmathfunctions.code.
tex
(/usr/local/texlive/2017/texmf-dist/tex/generic/pgf/math/pgfmathfunctions.basic
.code.tex)
(/usr/local/texlive/2017/texmf-dist/tex/generic/pgf/math/pgfmathfunctions.trigo
nometric.code.tex)
(/usr/local/texlive/2017/texmf-dist/tex/generic/pgf/math/pgfmathfunctions.rando
m.code.tex)
(/usr/local/texlive/2017/texmf-dist/tex/generic/pgf/math/pgfmathfunctions.compa
rison.code.tex)
(/usr/local/texlive/2017/texmf-dist/tex/generic/pgf/math/pgfmathfunctions.base.
code.tex)
(/usr/local/texlive/2017/texmf-dist/tex/generic/pgf/math/pgfmathfunctions.round
.code.tex)
(/usr/local/texlive/2017/texmf-dist/tex/generic/pgf/math/pgfmathfunctions.misc.
code.tex)
(/usr/local/texlive/2017/texmf-dist/tex/generic/pgf/math/pgfmathfunctions.integ
erarithmetics.code.tex)))
(/usr/local/texlive/2017/texmf-dist/tex/generic/pgf/math/pgfmathfloat.code.tex
\c@pgfmathroundto@lastzeros=\count126
))
(/usr/local/texlive/2017/texmf-dist/tex/generic/pgf/basiclayer/pgfcorepoints.co
de.tex
File: pgfcorepoints.code.tex 2013/10/07  (rcs-revision 1.27)
\pgf@picminx=\dimen135
\pgf@picmaxx=\dimen136
\pgf@picminy=\dimen137
\pgf@picmaxy=\dimen138
\pgf@pathminx=\dimen139
\pgf@pathmaxx=\dimen140
\pgf@pathminy=\dimen141
\pgf@pathmaxy=\dimen142
\pgf@xx=\dimen143
\pgf@xy=\dimen144
\pgf@yx=\dimen145
\pgf@yy=\dimen146
\pgf@zx=\dimen147
\pgf@zy=\dimen148
)
(/usr/local/texlive/2017/texmf-dist/tex/generic/pgf/basiclayer/pgfcorepathconst
ruct.code.tex
File: pgfcorepathconstruct.code.tex 2013/10/07  (rcs-revision 1.29)
\pgf@path@lastx=\dimen149
\pgf@path@lasty=\dimen150
)
(/usr/local/texlive/2017/texmf-dist/tex/generic/pgf/basiclayer/pgfcorepathusage
.code.tex
File: pgfcorepathusage.code.tex 2014/11/02  (rcs-revision 1.24)
\pgf@shorten@end@additional=\dimen151
\pgf@shorten@start@additional=\dimen152
)
(/usr/local/texlive/2017/texmf-dist/tex/generic/pgf/basiclayer/pgfcorescopes.co
de.tex
File: pgfcorescopes.code.tex 2015/05/08  (rcs-revision 1.46)
\pgfpic=\box39
\pgf@hbox=\box40
\pgf@layerbox@main=\box41
\pgf@picture@serial@count=\count127
)
(/usr/local/texlive/2017/texmf-dist/tex/generic/pgf/basiclayer/pgfcoregraphicst
ate.code.tex
File: pgfcoregraphicstate.code.tex 2014/11/02  (rcs-revision 1.12)
\pgflinewidth=\dimen153
)
(/usr/local/texlive/2017/texmf-dist/tex/generic/pgf/basiclayer/pgfcoretransform
ations.code.tex
File: pgfcoretransformations.code.tex 2015/08/07  (rcs-revision 1.20)
\pgf@pt@x=\dimen154
\pgf@pt@y=\dimen155
\pgf@pt@temp=\dimen156
)
(/usr/local/texlive/2017/texmf-dist/tex/generic/pgf/basiclayer/pgfcorequick.cod
e.tex
File: pgfcorequick.code.tex 2008/10/09  (rcs-revision 1.3)
)
(/usr/local/texlive/2017/texmf-dist/tex/generic/pgf/basiclayer/pgfcoreobjects.c
ode.tex
File: pgfcoreobjects.code.tex 2006/10/11  (rcs-revision 1.2)
)
(/usr/local/texlive/2017/texmf-dist/tex/generic/pgf/basiclayer/pgfcorepathproce
ssing.code.tex
File: pgfcorepathprocessing.code.tex 2013/09/09  (rcs-revision 1.9)
)
(/usr/local/texlive/2017/texmf-dist/tex/generic/pgf/basiclayer/pgfcorearrows.co
de.tex
File: pgfcorearrows.code.tex 2015/05/14  (rcs-revision 1.43)
\pgfarrowsep=\dimen157
)
(/usr/local/texlive/2017/texmf-dist/tex/generic/pgf/basiclayer/pgfcoreshade.cod
e.tex
File: pgfcoreshade.code.tex 2013/07/15  (rcs-revision 1.15)
\pgf@max=\dimen158
\pgf@sys@shading@range@num=\count128
)
(/usr/local/texlive/2017/texmf-dist/tex/generic/pgf/basiclayer/pgfcoreimage.cod
e.tex
File: pgfcoreimage.code.tex 2013/07/15  (rcs-revision 1.18)

(/usr/local/texlive/2017/texmf-dist/tex/generic/pgf/basiclayer/pgfcoreexternal.
code.tex
File: pgfcoreexternal.code.tex 2014/07/09  (rcs-revision 1.21)
\pgfexternal@startupbox=\box42
))
(/usr/local/texlive/2017/texmf-dist/tex/generic/pgf/basiclayer/pgfcorelayers.co
de.tex
File: pgfcorelayers.code.tex 2013/07/18  (rcs-revision 1.7)
)
(/usr/local/texlive/2017/texmf-dist/tex/generic/pgf/basiclayer/pgfcoretranspare
ncy.code.tex
File: pgfcoretransparency.code.tex 2013/09/30  (rcs-revision 1.5)
)
(/usr/local/texlive/2017/texmf-dist/tex/generic/pgf/basiclayer/pgfcorepatterns.
code.tex
File: pgfcorepatterns.code.tex 2013/11/07  (rcs-revision 1.5)
)))
(/usr/local/texlive/2017/texmf-dist/tex/generic/pgf/modules/pgfmoduleshapes.cod
e.tex
File: pgfmoduleshapes.code.tex 2014/03/21  (rcs-revision 1.35)
\pgfnodeparttextbox=\box43
)
(/usr/local/texlive/2017/texmf-dist/tex/generic/pgf/modules/pgfmoduleplot.code.
tex
File: pgfmoduleplot.code.tex 2015/08/03  (rcs-revision 1.13)
)
(/usr/local/texlive/2017/texmf-dist/tex/latex/pgf/compatibility/pgfcomp-version
-0-65.sty
Package: pgfcomp-version-0-65 2007/07/03 v3.0.1a (rcs-revision 1.7)
\pgf@nodesepstart=\dimen159
\pgf@nodesepend=\dimen160
)
(/usr/local/texlive/2017/texmf-dist/tex/latex/pgf/compatibility/pgfcomp-version
-1-18.sty
Package: pgfcomp-version-1-18 2007/07/23 v3.0.1a (rcs-revision 1.1)
))
(/usr/local/texlive/2017/texmf-dist/tex/latex/pgf/utilities/pgffor.sty
(/usr/local/texlive/2017/texmf-dist/tex/latex/pgf/utilities/pgfkeys.sty
(/usr/local/texlive/2017/texmf-dist/tex/generic/pgf/utilities/pgfkeys.code.tex)
) (/usr/local/texlive/2017/texmf-dist/tex/latex/pgf/math/pgfmath.sty
(/usr/local/texlive/2017/texmf-dist/tex/generic/pgf/math/pgfmath.code.tex))
(/usr/local/texlive/2017/texmf-dist/tex/generic/pgf/utilities/pgffor.code.tex
Package: pgffor 2013/12/13 v3.0.1a (rcs-revision 1.25)

(/usr/local/texlive/2017/texmf-dist/tex/generic/pgf/math/pgfmath.code.tex)
\pgffor@iter=\dimen161
\pgffor@skip=\dimen162
\pgffor@stack=\toks31
\pgffor@toks=\toks32
))
(/usr/local/texlive/2017/texmf-dist/tex/generic/pgf/frontendlayer/tikz/tikz.cod
e.tex
Package: tikz 2015/08/07 v3.0.1a (rcs-revision 1.151)

(/usr/local/texlive/2017/texmf-dist/tex/generic/pgf/libraries/pgflibraryplothan
dlers.code.tex
File: pgflibraryplothandlers.code.tex 2013/08/31 v3.0.1a (rcs-revision 1.20)
\pgf@plot@mark@count=\count129
\pgfplotmarksize=\dimen163
)
\tikz@lastx=\dimen164
\tikz@lasty=\dimen165
\tikz@lastxsaved=\dimen166
\tikz@lastysaved=\dimen167
\tikzleveldistance=\dimen168
\tikzsiblingdistance=\dimen169
\tikz@figbox=\box44
\tikz@figbox@bg=\box45
\tikz@tempbox=\box46
\tikz@tempbox@bg=\box47
\tikztreelevel=\count130
\tikznumberofchildren=\count131
\tikznumberofcurrentchild=\count132
\tikz@fig@count=\count133

(/usr/local/texlive/2017/texmf-dist/tex/generic/pgf/modules/pgfmodulematrix.cod
e.tex
File: pgfmodulematrix.code.tex 2013/09/17  (rcs-revision 1.8)
\pgfmatrixcurrentrow=\count134
\pgfmatrixcurrentcolumn=\count135
\pgf@matrix@numberofcolumns=\count136
)
\tikz@expandcount=\count137

(/usr/local/texlive/2017/texmf-dist/tex/generic/pgf/frontendlayer/tikz/librarie
s/tikzlibrarytopaths.code.tex
File: tikzlibrarytopaths.code.tex 2008/06/17 v3.0.1a (rcs-revision 1.2)
)))
(/usr/local/texlive/2017/texmf-dist/tex/generic/pgf/frontendlayer/tikz/librarie
s/tikzlibraryarrows.code.tex
File: tikzlibraryarrows.code.tex 2008/01/09 v3.0.1a (rcs-revision 1.1)

(/usr/local/texlive/2017/texmf-dist/tex/generic/pgf/libraries/pgflibraryarrows.
code.tex
File: pgflibraryarrows.code.tex 2013/09/23 v3.0.1a (rcs-revision 1.16)
\arrowsize=\dimen170
))
(/usr/local/texlive/2017/texmf-dist/tex/generic/pgf/frontendlayer/tikz/librarie
s/tikzlibrarypositioning.code.tex
File: tikzlibrarypositioning.code.tex 2008/10/06 v3.0.1a (rcs-revision 1.7)
)
(/usr/local/texlive/2017/texmf-dist/tex/latex/xwatermark/xwatermark.sty
(/usr/local/texlive/2017/texmf-dist/tex/latex/catoptions/catoptions.sty
\m@one=\count138
\z@pt=\dimen171
Package: catoptions 2014/08/29 v0.2.7h Securing catcodes and parsing options (A
M)
\cpt@csvdepth=\count139
\cpt@optdepth=\count140
\cpt@cnta=\count141
\indrisdepth=\count142
\cpt@foreachdepth=\count143
\cpt@exprcnt=\count144
)
Package: xwatermark 2012/10/23 v1.5.2d A dynamic watermarking scheme (Ahmed Mus
a)

(/usr/local/texlive/2017/texmf-dist/tex/latex/base/fix-cm.sty
Package: fix-cm 2015/01/14 v1.1t fixes to LaTeX

(/usr/local/texlive/2017/texmf-dist/tex/latex/base/ts1enc.def
File: ts1enc.def 2001/06/05 v3.0e (jk/car/fm) Standard LaTeX file
LaTeX Font Info:    Redeclaring font encoding TS1 on input line 47.
))
(/usr/local/texlive/2017/texmf-dist/tex/latex/oberdiek/picture.sty
Package: picture 2016/05/16 v1.4 Dimens for picture macros (HO)
Package picture Info: Calculation method: etex.
)
(/usr/local/texlive/2017/texmf-dist/tex/latex/fancyhdr/fancyhdr.sty
Package: fancyhdr 2016/09/06 3.8 Extensive control of page headers and footers
\fancy@headwidth=\skip74
\f@ncyO@elh=\skip75
\f@ncyO@erh=\skip76
\f@ncyO@olh=\skip77
\f@ncyO@orh=\skip78
\f@ncyO@elf=\skip79
\f@ncyO@erf=\skip80
\f@ncyO@olf=\skip81
\f@ncyO@orf=\skip82
)
(/usr/local/texlive/2017/texmf-dist/tex/latex/ltxkeys/ltxkeys.sty
Package: ltxkeys 2012/11/17 v0.0.3c A robust key-value parser (AM) (Ahmed Musa)

\ltxkeys@csvdepth=\count145
\ltxkeys@keydepth=\count146
)
(/usr/local/texlive/2017/texmf-dist/tex/latex/framed/framed.sty
Package: framed 2011/10/22 v 0.96: framed or shaded text with page breaks
\OuterFrameSep=\skip83
\fb@frw=\dimen172
\fb@frh=\dimen173
\FrameRule=\dimen174
\FrameSep=\dimen175
)
\AtBeginShipoutBox=\box48
\xwm@boxa=\box49
\xwm@boxb=\box50
\xwm@cnta=\count147
\xwm@wrt=\write5

(./vignette-lslx.xwm)
\openout5 = `vignette-lslx.xwm'.

)
(/usr/local/texlive/2017/texmf-dist/tex/latex/lipsum/lipsum.sty
Package: lipsum 2014/07/27 v1.3 150 paragraphs of Lorem Ipsum dummy text
\c@lips@count=\count148
)
(./vignette-lslx.aux)
\openout1 = `vignette-lslx.aux'.

LaTeX Font Info:    Checking defaults for OML/cmm/m/it on input line 61.
LaTeX Font Info:    ... okay on input line 61.
LaTeX Font Info:    Checking defaults for T1/cmr/m/n on input line 61.
LaTeX Font Info:    ... okay on input line 61.
LaTeX Font Info:    Checking defaults for OT1/cmr/m/n on input line 61.
LaTeX Font Info:    ... okay on input line 61.
LaTeX Font Info:    Checking defaults for OMS/cmsy/m/n on input line 61.
LaTeX Font Info:    ... okay on input line 61.
LaTeX Font Info:    Checking defaults for OMX/cmex/m/n on input line 61.
LaTeX Font Info:    ... okay on input line 61.
LaTeX Font Info:    Checking defaults for U/cmr/m/n on input line 61.
LaTeX Font Info:    ... okay on input line 61.
LaTeX Font Info:    Checking defaults for TS1/cmr/m/n on input line 61.
LaTeX Font Info:    ... okay on input line 61.
LaTeX Font Info:    Checking defaults for PD1/pdf/m/n on input line 61.
LaTeX Font Info:    ... okay on input line 61.
LaTeX Font Info:    Try loading font information for T1+lmr on input line 61.
 (/usr/local/texlive/2017/texmf-dist/tex/latex/lm/t1lmr.fd
File: t1lmr.fd 2009/10/30 v1.6 Font defs for Latin Modern
) (/usr/local/texlive/2017/texmf-dist/tex/context/base/mkii/supp-pdf.mkii
[Loading MPS to PDF converter (version 2006.09.02).]
\scratchcounter=\count149
\scratchdimen=\dimen176
\scratchbox=\box51
\nofMPsegments=\count150
\nofMParguments=\count151
\everyMPshowfont=\toks33
\MPscratchCnt=\count152
\MPscratchDim=\dimen177
\MPnumerator=\count153
\makeMPintoPDFobject=\count154
\everyMPtoPDFconversion=\toks34
) (/usr/local/texlive/2017/texmf-dist/tex/latex/oberdiek/epstopdf-base.sty
Package: epstopdf-base 2016/05/15 v2.6 Base part for package epstopdf

(/usr/local/texlive/2017/texmf-dist/tex/latex/oberdiek/grfext.sty
Package: grfext 2016/05/16 v1.2 Manage graphics extensions (HO)
)
Package epstopdf-base Info: Redefining graphics rule for `.eps' on input line 4
38.
Package grfext Info: Graphics extension search list:
(grfext)             [.png,.pdf,.jpg,.mps,.jpeg,.jbig2,.jb2,.PNG,.PDF,.JPG,.JPE
G,.JBIG2,.JB2,.eps]
(grfext)             \AppendGraphicsExtensions on input line 456.

(/usr/local/texlive/2017/texmf-dist/tex/latex/latexconfig/epstopdf-sys.cfg
File: epstopdf-sys.cfg 2010/07/13 v1.3 Configuration of (r)epstopdf for TeX Liv
e
))
Package hyperref Info: Link coloring ON on input line 61.

(/usr/local/texlive/2017/texmf-dist/tex/latex/hyperref/nameref.sty
Package: nameref 2016/05/21 v2.44 Cross-referencing by name of section

(/usr/local/texlive/2017/texmf-dist/tex/generic/oberdiek/gettitlestring.sty
Package: gettitlestring 2016/05/16 v1.5 Cleanup title references (HO)
)
\c@section@level=\count155
)
LaTeX Info: Redefining \ref on input line 61.
LaTeX Info: Redefining \pageref on input line 61.
LaTeX Info: Redefining \nameref on input line 61.

(./vignette-lslx.out) (./vignette-lslx.out)
\@outlinefile=\write6
\openout6 = `vignette-lslx.out'.

LaTeX Font Info:    Try loading font information for OT1+lmr on input line 61.

(/usr/local/texlive/2017/texmf-dist/tex/latex/lm/ot1lmr.fd
File: ot1lmr.fd 2009/10/30 v1.6 Font defs for Latin Modern
)
LaTeX Font Info:    Try loading font information for OML+lmm on input line 61.

(/usr/local/texlive/2017/texmf-dist/tex/latex/lm/omllmm.fd
File: omllmm.fd 2009/10/30 v1.6 Font defs for Latin Modern
)
LaTeX Font Info:    Try loading font information for OMS+lmsy on input line 61.


(/usr/local/texlive/2017/texmf-dist/tex/latex/lm/omslmsy.fd
File: omslmsy.fd 2009/10/30 v1.6 Font defs for Latin Modern
)
LaTeX Font Info:    Try loading font information for OMX+lmex on input line 61.


(/usr/local/texlive/2017/texmf-dist/tex/latex/lm/omxlmex.fd
File: omxlmex.fd 2009/10/30 v1.6 Font defs for Latin Modern
)
LaTeX Font Info:    External font `lmex10' loaded for size
(Font)              <10.95> on input line 61.
LaTeX Font Info:    External font `lmex10' loaded for size
(Font)              <8> on input line 61.
LaTeX Font Info:    External font `lmex10' loaded for size
(Font)              <6> on input line 61.
LaTeX Font Info:    Try loading font information for U+msa on input line 61.

(/usr/local/texlive/2017/texmf-dist/tex/latex/amsfonts/umsa.fd
File: umsa.fd 2013/01/14 v3.01 AMS symbols A
)
LaTeX Font Info:    Try loading font information for U+msb on input line 61.

(/usr/local/texlive/2017/texmf-dist/tex/latex/amsfonts/umsb.fd
File: umsb.fd 2013/01/14 v3.01 AMS symbols B
)
LaTeX Font Info:    Try loading font information for T1+lmss on input line 61.

(/usr/local/texlive/2017/texmf-dist/tex/latex/lm/t1lmss.fd
File: t1lmss.fd 2009/10/30 v1.6 Font defs for Latin Modern
)
ABD: EveryShipout initializing macros

Package xcolor Warning: Incompatible color definition on input line 63.


Package xcolor Warning: Incompatible color definition on input line 63.


Package xcolor Warning: Incompatible color definition on input line 63.


Package xcolor Warning: Incompatible color definition on input line 63.


Package xcolor Warning: Incompatible color definition on input line 63.


Package xcolor Warning: Incompatible color definition on input line 63.


Package xcolor Warning: Incompatible color definition on input line 63.


Package xcolor Warning: Incompatible color definition on input line 63.


Package xcolor Warning: Incompatible color definition on input line 63.


Package xcolor Warning: Incompatible color definition on input line 63.


Package xcolor Warning: Incompatible color definition on input line 63.


Package xcolor Warning: Incompatible color definition on input line 63.


Package xcolor Warning: Incompatible color definition on input line 63.


Package xcolor Warning: Incompatible color definition on input line 63.


Package xcolor Warning: Incompatible color definition on input line 63.


Package xcolor Warning: Incompatible color definition on input line 63.


Package xcolor Warning: Incompatible color definition on input line 65.


Package xcolor Warning: Incompatible color definition on input line 65.


Package xcolor Warning: Incompatible color definition on input line 65.


Package xcolor Warning: Incompatible color definition on input line 65.


Package xcolor Warning: Incompatible color definition on input line 65.


Package xcolor Warning: Incompatible color definition on input line 65.


Package xcolor Warning: Incompatible color definition on input line 65.


Package xcolor Warning: Incompatible color definition on input line 65.


Package xcolor Warning: Incompatible color definition on input line 65.


Package xcolor Warning: Incompatible color definition on input line 65.


Package xcolor Warning: Incompatible color definition on input line 65.


Package xcolor Warning: Incompatible color definition on input line 65.


Package xcolor Warning: Incompatible color definition on input line 65.


Package xcolor Warning: Incompatible color definition on input line 65.


Package xcolor Warning: Incompatible color definition on input line 65.


Package xcolor Warning: Incompatible color definition on input line 65.


Package xcolor Warning: Incompatible color definition on input line 65.

[1

{/usr/local/texlive/2017/texmf-var/fonts/map/pdftex/updmap/pdftex.map}]

Package xcolor Warning: Incompatible color definition on input line 67.


Package xcolor Warning: Incompatible color definition on input line 67.


Package xcolor Warning: Incompatible color definition on input line 67.


Package xcolor Warning: Incompatible color definition on input line 67.


Package xcolor Warning: Incompatible color definition on input line 67.


Package xcolor Warning: Incompatible color definition on input line 67.


Package xcolor Warning: Incompatible color definition on input line 67.


Package xcolor Warning: Incompatible color definition on input line 67.


Package xcolor Warning: Incompatible color definition on input line 67.


Package xcolor Warning: Incompatible color definition on input line 67.


Package xcolor Warning: Incompatible color definition on input line 67.


Package xcolor Warning: Incompatible color definition on input line 67.


Package xcolor Warning: Incompatible color definition on input line 69.


Package xcolor Warning: Incompatible color definition on input line 69.


Package xcolor Warning: Incompatible color definition on input line 69.


Package xcolor Warning: Incompatible color definition on input line 69.


Package xcolor Warning: Incompatible color definition on input line 69.


Package xcolor Warning: Incompatible color definition on input line 69.


Package xcolor Warning: Incompatible color definition on input line 69.


Package xcolor Warning: Incompatible color definition on input line 69.


Package xcolor Warning: Incompatible color definition on input line 69.


Package xcolor Warning: Incompatible color definition on input line 69.


Package xcolor Warning: Incompatible color definition on input line 69.


Package xcolor Warning: Incompatible color definition on input line 69.


Package xcolor Warning: Incompatible color definition on input line 71.


Package xcolor Warning: Incompatible color definition on input line 71.


Package xcolor Warning: Incompatible color definition on input line 71.


Package xcolor Warning: Incompatible color definition on input line 71.


Package xcolor Warning: Incompatible color definition on input line 71.


Package xcolor Warning: Incompatible color definition on input line 71.


Package xcolor Warning: Incompatible color definition on input line 71.


Package xcolor Warning: Incompatible color definition on input line 71.


Package xcolor Warning: Incompatible color definition on input line 71.


Package xcolor Warning: Incompatible color definition on input line 71.


Package xcolor Warning: Incompatible color definition on input line 71.


Package xcolor Warning: Incompatible color definition on input line 71.


Package xcolor Warning: Incompatible color definition on input line 71.


Package xcolor Warning: Incompatible color definition on input line 71.


Package xcolor Warning: Incompatible color definition on input line 71.


Package xcolor Warning: Incompatible color definition on input line 71.


Package xcolor Warning: Incompatible color definition on input line 71.


Package xcolor Warning: Incompatible color definition on input line 73.


Package xcolor Warning: Incompatible color definition on input line 73.


Package xcolor Warning: Incompatible color definition on input line 73.


Package xcolor Warning: Incompatible color definition on input line 73.


Package xcolor Warning: Incompatible color definition on input line 73.


Package xcolor Warning: Incompatible color definition on input line 73.


Package xcolor Warning: Incompatible color definition on input line 73.


Package xcolor Warning: Incompatible color definition on input line 73.


Package xcolor Warning: Incompatible color definition on input line 73.


Package xcolor Warning: Incompatible color definition on input line 73.


Package xcolor Warning: Incompatible color definition on input line 73.


Package xcolor Warning: Incompatible color definition on input line 73.


Package xcolor Warning: Incompatible color definition on input line 73.


Package xcolor Warning: Incompatible color definition on input line 73.


Package xcolor Warning: Incompatible color definition on input line 73.


Overfull \hbox (5.47499pt too wide) has occurred while \output is active
\T1/lmr/m/n/10.95 2 []
 []

[2]

Package xcolor Warning: Incompatible color definition on input line 75.


Package xcolor Warning: Incompatible color definition on input line 75.


Package xcolor Warning: Incompatible color definition on input line 75.


Package xcolor Warning: Incompatible color definition on input line 75.


Package xcolor Warning: Incompatible color definition on input line 75.


Package xcolor Warning: Incompatible color definition on input line 95.


Package xcolor Warning: Incompatible color definition on input line 95.


Package xcolor Warning: Incompatible color definition on input line 95.


Package xcolor Warning: Incompatible color definition on input line 95.


Package xcolor Warning: Incompatible color definition on input line 95.


Package xcolor Warning: Incompatible color definition on input line 95.


Package xcolor Warning: Incompatible color definition on input line 95.


Package xcolor Warning: Incompatible color definition on input line 95.


Package xcolor Warning: Incompatible color definition on input line 95.


Package xcolor Warning: Incompatible color definition on input line 95.


Package xcolor Warning: Incompatible color definition on input line 95.


Package xcolor Warning: Incompatible color definition on input line 95.


Package xcolor Warning: Incompatible color definition on input line 95.


Package xcolor Warning: Incompatible color definition on input line 95.


Package xcolor Warning: Incompatible color definition on input line 95.


Overfull \hbox (5.47499pt too wide) has occurred while \output is active
[] \T1/lmr/m/n/10.95 3
 []

[3]

Package xcolor Warning: Incompatible color definition on input line 103.


Package xcolor Warning: Incompatible color definition on input line 103.


Package xcolor Warning: Incompatible color definition on input line 105.


Package xcolor Warning: Incompatible color definition on input line 105.


Package xcolor Warning: Incompatible color definition on input line 105.


Package xcolor Warning: Incompatible color definition on input line 105.


Package xcolor Warning: Incompatible color definition on input line 105.


Package xcolor Warning: Incompatible color definition on input line 105.


Package xcolor Warning: Incompatible color definition on input line 105.


Package xcolor Warning: Incompatible color definition on input line 105.


Package xcolor Warning: Incompatible color definition on input line 108.


Package xcolor Warning: Incompatible color definition on input line 108.


Package xcolor Warning: Incompatible color definition on input line 108.


Package xcolor Warning: Incompatible color definition on input line 108.


Package xcolor Warning: Incompatible color definition on input line 122.


Package xcolor Warning: Incompatible color definition on input line 122.


Package xcolor Warning: Incompatible color definition on input line 132.


Package xcolor Warning: Incompatible color definition on input line 132.


Package xcolor Warning: Incompatible color definition on input line 132.


Package xcolor Warning: Incompatible color definition on input line 132.


Package xcolor Warning: Incompatible color definition on input line 132.


Package xcolor Warning: Incompatible color definition on input line 132.


Package xcolor Warning: Incompatible color definition on input line 132.


Package xcolor Warning: Incompatible color definition on input line 132.


Package xcolor Warning: Incompatible color definition on input line 132.


Overfull \hbox (5.47499pt too wide) has occurred while \output is active
\T1/lmr/m/n/10.95 4 []
 []

[4]

Package xcolor Warning: Incompatible color definition on input line 136.


Package xcolor Warning: Incompatible color definition on input line 136.


Package xcolor Warning: Incompatible color definition on input line 139.


Package xcolor Warning: Incompatible color definition on input line 145.


Package xcolor Warning: Incompatible color definition on input line 145.


Package xcolor Warning: Incompatible color definition on input line 145.


Package xcolor Warning: Incompatible color definition on input line 145.


Package xcolor Warning: Incompatible color definition on input line 145.


Package xcolor Warning: Incompatible color definition on input line 145.


Package xcolor Warning: Incompatible color definition on input line 145.


Package xcolor Warning: Incompatible color definition on input line 145.


Package xcolor Warning: Incompatible color definition on input line 145.


Package xcolor Warning: Incompatible color definition on input line 145.


Package xcolor Warning: Incompatible color definition on input line 145.


Package xcolor Warning: Incompatible color definition on input line 145.


Package xcolor Warning: Incompatible color definition on input line 145.


Package xcolor Warning: Incompatible color definition on input line 145.


Package xcolor Warning: Incompatible color definition on input line 145.


Package xcolor Warning: Incompatible color definition on input line 145.


Package xcolor Warning: Incompatible color definition on input line 145.


Package xcolor Warning: Incompatible color definition on input line 145.


Package xcolor Warning: Incompatible color definition on input line 147.


Package xcolor Warning: Incompatible color definition on input line 147.


Package xcolor Warning: Incompatible color definition on input line 147.


Package xcolor Warning: Incompatible color definition on input line 147.


Package xcolor Warning: Incompatible color definition on input line 147.


Package xcolor Warning: Incompatible color definition on input line 147.


Package xcolor Warning: Incompatible color definition on input line 147.


Package xcolor Warning: Incompatible color definition on input line 147.


Package xcolor Warning: Incompatible color definition on input line 147.


Package xcolor Warning: Incompatible color definition on input line 147.


Package xcolor Warning: Incompatible color definition on input line 147.


Package xcolor Warning: Incompatible color definition on input line 147.


Package xcolor Warning: Incompatible color definition on input line 147.


Package xcolor Warning: Incompatible color definition on input line 149.


Package xcolor Warning: Incompatible color definition on input line 165.


Overfull \hbox (5.47499pt too wide) has occurred while \output is active
[] \T1/lmr/m/n/10.95 5
 []

[5]

Package xcolor Warning: Incompatible color definition on input line 170.


Package xcolor Warning: Incompatible color definition on input line 170.


Package xcolor Warning: Incompatible color definition on input line 170.


Package xcolor Warning: Incompatible color definition on input line 170.


Package xcolor Warning: Incompatible color definition on input line 170.


Package xcolor Warning: Incompatible color definition on input line 170.


Package xcolor Warning: Incompatible color definition on input line 170.


Package xcolor Warning: Incompatible color definition on input line 182.


Overfull \hbox (5.47499pt too wide) has occurred while \output is active
\T1/lmr/m/n/10.95 6 []
 []

[6]

Package xcolor Warning: Incompatible color definition on input line 238.


Package xcolor Warning: Incompatible color definition on input line 238.


Package xcolor Warning: Incompatible color definition on input line 238.


Package xcolor Warning: Incompatible color definition on input line 238.


Package xcolor Warning: Incompatible color definition on input line 238.


Package xcolor Warning: Incompatible color definition on input line 238.


Package xcolor Warning: Incompatible color definition on input line 240.


Package xcolor Warning: Incompatible color definition on input line 240.


Package xcolor Warning: Incompatible color definition on input line 240.


Package xcolor Warning: Incompatible color definition on input line 240.


Package xcolor Warning: Incompatible color definition on input line 250.


Package xcolor Warning: Incompatible color definition on input line 268.


Overfull \hbox (5.47499pt too wide) has occurred while \output is active
[] \T1/lmr/m/n/10.95 7
 []

[7]

Package xcolor Warning: Incompatible color definition on input line 281.


Package xcolor Warning: Incompatible color definition on input line 295.


Package xcolor Warning: Incompatible color definition on input line 318.


Package xcolor Warning: Incompatible color definition on input line 318.

LaTeX Font Info:    Try loading font information for T1+lmtt on input line 321.

(/usr/local/texlive/2017/texmf-dist/tex/latex/lm/t1lmtt.fd
File: t1lmtt.fd 2009/10/30 v1.6 Font defs for Latin Modern
)

Package xcolor Warning: Incompatible color definition on input line 321.


Package xcolor Warning: Incompatible color definition on input line 321.


Overfull \hbox (5.47499pt too wide) has occurred while \output is active
\T1/lmr/m/n/10.95 8 []
 []

[8]

Package xcolor Warning: Incompatible color definition on input line 338.


Package xcolor Warning: Incompatible color definition on input line 338.


Package xcolor Warning: Incompatible color definition on input line 343.


Package xcolor Warning: Incompatible color definition on input line 343.


Overfull \hbox (5.47499pt too wide) has occurred while \output is active
[] \T1/lmr/m/n/10.95 9
 []

[9]
Overfull \hbox (10.94998pt too wide) has occurred while \output is active
\T1/lmr/m/n/10.95 10 []
 []

[10]

Package xcolor Warning: Incompatible color definition on input line 463.


Package xcolor Warning: Incompatible color definition on input line 463.


Package xcolor Warning: Incompatible color definition on input line 463.


Package xcolor Warning: Incompatible color definition on input line 463.


Package xcolor Warning: Incompatible color definition on input line 466.


Package xcolor Warning: Incompatible color definition on input line 466.


Package xcolor Warning: Incompatible color definition on input line 480.


Overfull \hbox (10.94998pt too wide) has occurred while \output is active
[] \T1/lmr/m/n/10.95 11
 []

[11]
LaTeX Font Info:    Try loading font information for TS1+lmtt on input line 507
.
 (/usr/local/texlive/2017/texmf-dist/tex/latex/lm/ts1lmtt.fd
File: ts1lmtt.fd 2009/10/30 v1.6 Font defs for Latin Modern
)
Overfull \hbox (10.94998pt too wide) has occurred while \output is active
\T1/lmr/m/n/10.95 12 []
 []

[12]

Package xcolor Warning: Incompatible color definition on input line 526.


Overfull \hbox (10.94998pt too wide) has occurred while \output is active
[] \T1/lmr/m/n/10.95 13
 []

[13]
Overfull \hbox (10.94998pt too wide) has occurred while \output is active
\T1/lmr/m/n/10.95 14 []
 []

[14]

Package xcolor Warning: Incompatible color definition on input line 638.


Package xcolor Warning: Incompatible color definition on input line 638.


Package xcolor Warning: Incompatible color definition on input line 638.


Package xcolor Warning: Incompatible color definition on input line 638.


Package xcolor Warning: Incompatible color definition on input line 638.


Package xcolor Warning: Incompatible color definition on input line 638.


Package xcolor Warning: Incompatible color definition on input line 638.


Package xcolor Warning: Incompatible color definition on input line 638.


Package xcolor Warning: Incompatible color definition on input line 638.


Package xcolor Warning: Incompatible color definition on input line 638.


Package xcolor Warning: Incompatible color definition on input line 646.


Package xcolor Warning: Incompatible color definition on input line 646.


Overfull \hbox (10.94998pt too wide) has occurred while \output is active
[] \T1/lmr/m/n/10.95 15
 []

[15]
Overfull \hbox (2.26823pt too wide) in paragraph at lines 686--719
 [][] 
 []


Package xcolor Warning: Incompatible color definition on input line 722.

<vignette-lslx-011.pdf, id=558, 505.89pt x 289.08pt>
File: vignette-lslx-011.pdf Graphic file (type pdf)

<use vignette-lslx-011.pdf>
Package pdftex.def Info: vignette-lslx-011.pdf used on input line 726.
(pdftex.def)             Requested size: 354.12434pt x 202.35902pt.

Overfull \hbox (10.94998pt too wide) has occurred while \output is active
\T1/lmr/m/n/10.95 16 []
 []

[16]

Package xcolor Warning: Incompatible color definition on input line 738.


Overfull \hbox (10.94998pt too wide) has occurred while \output is active
[] \T1/lmr/m/n/10.95 17
 []

[17]

Package xcolor Warning: Incompatible color definition on input line 744.

<vignette-lslx-014.pdf, id=574, 505.89pt x 289.08pt>
File: vignette-lslx-014.pdf Graphic file (type pdf)

<use vignette-lslx-014.pdf>
Package pdftex.def Info: vignette-lslx-014.pdf used on input line 748.
(pdftex.def)             Requested size: 354.12434pt x 202.35902pt.


Package xcolor Warning: Incompatible color definition on input line 755.


Package xcolor Warning: Incompatible color definition on input line 755.


Package xcolor Warning: Incompatible color definition on input line 755.


Package xcolor Warning: Incompatible color definition on input line 755.


Package xcolor Warning: Incompatible color definition on input line 755.


Package xcolor Warning: Incompatible color definition on input line 755.


Package xcolor Warning: Incompatible color definition on input line 755.


Overfull \hbox (10.94998pt too wide) has occurred while \output is active
\T1/lmr/m/n/10.95 18 []
 []

[18 <./vignette-lslx-011.pdf>]

Package xcolor Warning: Incompatible color definition on input line 768.


Package xcolor Warning: Incompatible color definition on input line 768.


Package xcolor Warning: Incompatible color definition on input line 768.


Overfull \hbox (10.94998pt too wide) has occurred while \output is active
[] \T1/lmr/m/n/10.95 19
 []

[19 <./vignette-lslx-014.pdf>]

Package xcolor Warning: Incompatible color definition on input line 776.


Package xcolor Warning: Incompatible color definition on input line 776.


Package xcolor Warning: Incompatible color definition on input line 778.


Package xcolor Warning: Incompatible color definition on input line 778.


Package xcolor Warning: Incompatible color definition on input line 778.


Package xcolor Warning: Incompatible color definition on input line 778.


Package xcolor Warning: Incompatible color definition on input line 778.


Package xcolor Warning: Incompatible color definition on input line 778.


Package xcolor Warning: Incompatible color definition on input line 787.


Package xcolor Warning: Incompatible color definition on input line 787.


Package xcolor Warning: Incompatible color definition on input line 787.


Package xcolor Warning: Incompatible color definition on input line 787.


Package xcolor Warning: Incompatible color definition on input line 787.


Package xcolor Warning: Incompatible color definition on input line 787.


Package xcolor Warning: Incompatible color definition on input line 787.


Package xcolor Warning: Incompatible color definition on input line 787.


Package xcolor Warning: Incompatible color definition on input line 787.


Package xcolor Warning: Incompatible color definition on input line 787.


Overfull \hbox (10.94998pt too wide) has occurred while \output is active
\T1/lmr/m/n/10.95 20 []
 []

[20]

Package xcolor Warning: Incompatible color definition on input line 796.


Package xcolor Warning: Incompatible color definition on input line 796.


Package xcolor Warning: Incompatible color definition on input line 796.


Package xcolor Warning: Incompatible color definition on input line 796.


Package xcolor Warning: Incompatible color definition on input line 796.


Package xcolor Warning: Incompatible color definition on input line 798.


Package xcolor Warning: Incompatible color definition on input line 798.


Package xcolor Warning: Incompatible color definition on input line 798.


Package xcolor Warning: Incompatible color definition on input line 798.


Package xcolor Warning: Incompatible color definition on input line 798.


Package xcolor Warning: Incompatible color definition on input line 798.


Package xcolor Warning: Incompatible color definition on input line 798.


Package xcolor Warning: Incompatible color definition on input line 798.


Package xcolor Warning: Incompatible color definition on input line 798.


Package xcolor Warning: Incompatible color definition on input line 798.


Package xcolor Warning: Incompatible color definition on input line 800.


Package xcolor Warning: Incompatible color definition on input line 800.


Package xcolor Warning: Incompatible color definition on input line 800.


Package xcolor Warning: Incompatible color definition on input line 800.


Package xcolor Warning: Incompatible color definition on input line 826.


Package xcolor Warning: Incompatible color definition on input line 826.


Package xcolor Warning: Incompatible color definition on input line 826.


Package xcolor Warning: Incompatible color definition on input line 826.


Package xcolor Warning: Incompatible color definition on input line 826.


Package xcolor Warning: Incompatible color definition on input line 826.


Overfull \hbox (10.94998pt too wide) has occurred while \output is active
[] \T1/lmr/m/n/10.95 21
 []

[21]
Overfull \hbox (10.94998pt too wide) has occurred while \output is active
\T1/lmr/m/n/10.95 22 []
 []

[22]

Package xcolor Warning: Incompatible color definition on input line 902.


Package xcolor Warning: Incompatible color definition on input line 902.


Package xcolor Warning: Incompatible color definition on input line 902.


Package xcolor Warning: Incompatible color definition on input line 902.


Package xcolor Warning: Incompatible color definition on input line 916.


Package xcolor Warning: Incompatible color definition on input line 916.


Overfull \hbox (0.6685pt too wide) in paragraph at lines 916--918
\T1/lmr/m/n/10.95 There-fore, it may seem that it is in-ca-pable of ex-am-in-in
g co-ef-fi-cient ho-mo-gene-ity/heterogeneity.
 []


Overfull \hbox (10.94998pt too wide) has occurred while \output is active
[] \T1/lmr/m/n/10.95 23
 []

[23]

Package xcolor Warning: Incompatible color definition on input line 924.


Package xcolor Warning: Incompatible color definition on input line 930.


Package xcolor Warning: Incompatible color definition on input line 930.


Overfull \hbox (10.94998pt too wide) has occurred while \output is active
\T1/lmr/m/n/10.95 24 []
 []

[24]

Package xcolor Warning: Incompatible color definition on input line 955.


Package xcolor Warning: Incompatible color definition on input line 955.


Package xcolor Warning: Incompatible color definition on input line 969.


Package xcolor Warning: Incompatible color definition on input line 969.


Overfull \hbox (10.94998pt too wide) has occurred while \output is active
[] \T1/lmr/m/n/10.95 25
 []

[25]

Package xcolor Warning: Incompatible color definition on input line 1004.


Package xcolor Warning: Incompatible color definition on input line 1004.


Package xcolor Warning: Incompatible color definition on input line 1011.


Package xcolor Warning: Incompatible color definition on input line 1011.


Package xcolor Warning: Incompatible color definition on input line 1011.


Package xcolor Warning: Incompatible color definition on input line 1143.

<vignette-lslx-figure-5a.pdf, id=726, 578.16pt x 289.08pt>
File: vignette-lslx-figure-5a.pdf Graphic file (type pdf)

<use vignette-lslx-figure-5a.pdf>
Package pdftex.def Info: vignette-lslx-figure-5a.pdf used on input line 1147.
(pdftex.def)             Requested size: 433.62pt x 216.80946pt.

<vignette-lslx-figure-5b.pdf, id=727, 578.16pt x 289.08pt>
File: vignette-lslx-figure-5b.pdf Graphic file (type pdf)

<use vignette-lslx-figure-5b.pdf>
Package pdftex.def Info: vignette-lslx-figure-5b.pdf used on input line 1149.
(pdftex.def)             Requested size: 433.62pt x 216.80946pt.

Overfull \hbox (10.94998pt too wide) has occurred while \output is active
\T1/lmr/m/n/10.95 26 []
 []

[26]

Package xcolor Warning: Incompatible color definition on input line 1160.


Underfull \vbox (badness 4872) has occurred while \output is active []


Overfull \hbox (10.94998pt too wide) has occurred while \output is active
[] \T1/lmr/m/n/10.95 27
 []

[27]
Underfull \vbox (badness 10000) has occurred while \output is active []


Overfull \hbox (10.94998pt too wide) has occurred while \output is active
\T1/lmr/m/n/10.95 28 []
 []

[28 <./vignette-lslx-figure-5a.pdf> <./vignette-lslx-figure-5b.pdf>]

Package xcolor Warning: Incompatible color definition on input line 1169.


Package xcolor Warning: Incompatible color definition on input line 1169.


Package xcolor Warning: Incompatible color definition on input line 1169.


Package xcolor Warning: Incompatible color definition on input line 1169.


Package xcolor Warning: Incompatible color definition on input line 1169.


Package xcolor Warning: Incompatible color definition on input line 1169.

(./vignette-lslx.bbl

Package xcolor Warning: Incompatible color definition on input line 18.


Package xcolor Warning: Incompatible color definition on input line 25.


Package xcolor Warning: Incompatible color definition on input line 32.

LaTeX Font Info:    Font shape `T1/lmss/m/it' in size <10.95> not available
(Font)              Font shape `T1/lmss/m/sl' tried instead on input line 36.

Package xcolor Warning: Incompatible color definition on input line 44.


Package xcolor Warning: Incompatible color definition on input line 50.


Overfull \hbox (10.94998pt too wide) has occurred while \output is active
[] \T1/lmr/m/n/10.95 29
 []

[29]

Package xcolor Warning: Incompatible color definition on input line 57.


Package xcolor Warning: Incompatible color definition on input line 64.


Package xcolor Warning: Incompatible color definition on input line 72.


Package xcolor Warning: Incompatible color definition on input line 80.


Package xcolor Warning: Incompatible color definition on input line 87.


LaTeX Font Warning: Font shape `T1/lmr/b/it' in size <10.95> not available
(Font)              Font shape `T1/lmr/b/sl' tried instead on input line 91.


Package xcolor Warning: Incompatible color definition on input line 92.


Package xcolor Warning: Incompatible color definition on input line 101.


Package xcolor Warning: Incompatible color definition on input line 116.


Package xcolor Warning: Incompatible color definition on input line 123.


Package xcolor Warning: Incompatible color definition on input line 128.


Package xcolor Warning: Incompatible color definition on input line 136.


Package xcolor Warning: Incompatible color definition on input line 144.


Package xcolor Warning: Incompatible color definition on input line 156.


Overfull \hbox (10.94998pt too wide) has occurred while \output is active
\T1/lmr/m/n/10.95 30 []
 []

[30]

Package xcolor Warning: Incompatible color definition on input line 164.


Package xcolor Warning: Incompatible color definition on input line 178.


Package xcolor Warning: Incompatible color definition on input line 185.


Package xcolor Warning: Incompatible color definition on input line 193.


Package xcolor Warning: Incompatible color definition on input line 200.


Package xcolor Warning: Incompatible color definition on input line 207.


Package xcolor Warning: Incompatible color definition on input line 219.


Package xcolor Warning: Incompatible color definition on input line 226.


Package xcolor Warning: Incompatible color definition on input line 231.


Package xcolor Warning: Incompatible color definition on input line 239.


Package xcolor Warning: Incompatible color definition on input line 246.


Package xcolor Warning: Incompatible color definition on input line 252.


Package xcolor Warning: Incompatible color definition on input line 259.


Package xcolor Warning: Incompatible color definition on input line 267.


Overfull \hbox (10.94998pt too wide) has occurred while \output is active
[] \T1/lmr/m/n/10.95 31
 []

[31]

Package xcolor Warning: Incompatible color definition on input line 278.


Package xcolor Warning: Incompatible color definition on input line 299.


Package xcolor Warning: Incompatible color definition on input line 310.


Package xcolor Warning: Incompatible color definition on input line 316.


Package xcolor Warning: Incompatible color definition on input line 323.


Package xcolor Warning: Incompatible color definition on input line 330.


Package xcolor Warning: Incompatible color definition on input line 345.


Package xcolor Warning: Incompatible color definition on input line 359.


Package xcolor Warning: Incompatible color definition on input line 367.


Package xcolor Warning: Incompatible color definition on input line 374.


Overfull \hbox (10.94998pt too wide) has occurred while \output is active
\T1/lmr/m/n/10.95 32 []
 []

[32]

Package xcolor Warning: Incompatible color definition on input line 380.


Package xcolor Warning: Incompatible color definition on input line 387.


Package xcolor Warning: Incompatible color definition on input line 394.


Package xcolor Warning: Incompatible color definition on input line 401.


Package xcolor Warning: Incompatible color definition on input line 407.


Package xcolor Warning: Incompatible color definition on input line 414.


Package xcolor Warning: Incompatible color definition on input line 428.


Package xcolor Warning: Incompatible color definition on input line 436.


Package xcolor Warning: Incompatible color definition on input line 443.


Package xcolor Warning: Incompatible color definition on input line 449.


Package xcolor Warning: Incompatible color definition on input line 456.


Package xcolor Warning: Incompatible color definition on input line 465.


Package xcolor Warning: Incompatible color definition on input line 472.


Overfull \hbox (10.94998pt too wide) has occurred while \output is active
[] \T1/lmr/m/n/10.95 33
 []

[33]

Package xcolor Warning: Incompatible color definition on input line 478.


Package xcolor Warning: Incompatible color definition on input line 493.


Package xcolor Warning: Incompatible color definition on input line 500.


Package xcolor Warning: Incompatible color definition on input line 506.


Package xcolor Warning: Incompatible color definition on input line 513.


Package xcolor Warning: Incompatible color definition on input line 518.


Package xcolor Warning: Incompatible color definition on input line 526.


Package xcolor Warning: Incompatible color definition on input line 534.


Package xcolor Warning: Incompatible color definition on input line 540.


Package xcolor Warning: Incompatible color definition on input line 555.


Package xcolor Warning: Incompatible color definition on input line 568.


Package xcolor Warning: Incompatible color definition on input line 574.


Package xcolor Warning: Incompatible color definition on input line 575.


Package xcolor Warning: Incompatible color definition on input line 582.


Overfull \hbox (10.94998pt too wide) has occurred while \output is active
\T1/lmr/m/n/10.95 34 []
 []

[34]

Package xcolor Warning: Incompatible color definition on input line 589.


Package xcolor Warning: Incompatible color definition on input line 597.


Package xcolor Warning: Incompatible color definition on input line 626.


Package xcolor Warning: Incompatible color definition on input line 634.


Package xcolor Warning: Incompatible color definition on input line 641.


Package xcolor Warning: Incompatible color definition on input line 648.


Package xcolor Warning: Incompatible color definition on input line 655.


Package xcolor Warning: Incompatible color definition on input line 662.

)
Overfull \hbox (10.94998pt too wide) has occurred while \output is active
[] \T1/lmr/m/n/10.95 35
 []

[35]

Package xcolor Warning: Incompatible color definition on input line 1193.


Package xcolor Warning: Incompatible color definition on input line 1212.


Package xcolor Warning: Incompatible color definition on input line 1212.


Package xcolor Warning: Incompatible color definition on input line 1223.


Package xcolor Warning: Incompatible color definition on input line 1223.


Package xcolor Warning: Incompatible color definition on input line 1239.


Package xcolor Warning: Incompatible color definition on input line 1239.


Package xcolor Warning: Incompatible color definition on input line 1239.


Package xcolor Warning: Incompatible color definition on input line 1239.


Package xcolor Warning: Incompatible color definition on input line 1239.


Package xcolor Warning: Incompatible color definition on input line 1239.


Package xcolor Warning: Incompatible color definition on input line 1239.


Package xcolor Warning: Incompatible color definition on input line 1239.


Package xcolor Warning: Incompatible color definition on input line 1252.


Overfull \hbox (10.94998pt too wide) has occurred while \output is active
\T1/lmr/m/n/10.95 36 []
 []

[36]

Package xcolor Warning: Incompatible color definition on input line 1263.


Package xcolor Warning: Incompatible color definition on input line 1263.


Package xcolor Warning: Incompatible color definition on input line 1263.


Package xcolor Warning: Incompatible color definition on input line 1266.


Package xcolor Warning: Incompatible color definition on input line 1266.


Package xcolor Warning: Incompatible color definition on input line 1276.


Package xcolor Warning: Incompatible color definition on input line 1283.


Package xcolor Warning: Incompatible color definition on input line 1289.


Package xcolor Warning: Incompatible color definition on input line 1289.


Package xcolor Warning: Incompatible color definition on input line 1293.


Overfull \hbox (10.94998pt too wide) has occurred while \output is active
[] \T1/lmr/m/n/10.95 37
 []

[37]
Overfull \hbox (10.94998pt too wide) has occurred while \output is active
\T1/lmr/m/n/10.95 38 []
 []

[38]
Package atveryend Info: Empty hook `BeforeClearDocument' on input line 1293.
Package atveryend Info: Executing hook `AfterLastShipout' on input line 1293.
 (./vignette-lslx.xwm) (./vignette-lslx.aux)
Package atveryend Info: Executing hook `AtVeryEndDocument' on input line 1293.
Package atveryend Info: Executing hook `AtEndAfterFileList' on input line 1293.

Package rerunfilecheck Info: File `vignette-lslx.out' has not changed.
(rerunfilecheck)             Checksum: C22BC61636F9E5A9AE2352863D766D6D;2114.
Package atveryend Info: Empty hook `AtVeryVeryEnd' on input line 1293.
 )
(\end occurred inside a group at level 1)

### simple group (level 1) entered at line 1061 ({)
### bottom level 
Here is how much of TeX's memory you used:
 23965 strings out of 492995
 446549 string characters out of 6132704
 696468 words of memory out of 5000000
 26879 multiletter control sequences out of 15000+600000
 82906 words of font info for 58 fonts, out of 8000000 for 9000
 1141 hyphenation exceptions out of 8191
 55i,18n,60p,1776b,15901s stack positions out of 5000i,500n,10000p,200000b,80000s
{/usr/local/texlive/2017/texmf-dist/fonts/enc/dvips/lm/lm-ec.en
c}{/usr/local/texlive/2017/texmf-dist/fonts/enc/dvips/lm/lm-ts1.enc}{/usr/local
/texlive/2017/texmf-dist/fonts/enc/dvips/lm/lm-mathsy.enc}{/usr/local/texlive/2
017/texmf-dist/fonts/enc/dvips/lm/lm-rm.enc}{/usr/local/texlive/2017/texmf-dist
/fonts/enc/dvips/lm/lm-mathit.enc}{/usr/local/texlive/2017/texmf-dist/fonts/enc
/dvips/lm/lm-mathex.enc}</usr/local/texlive/2017/texmf-dist/fonts/type1/public/
lm/lmb10.pfb></usr/local/texlive/2017/texmf-dist/fonts/type1/public/lm/lmbo10.p
fb></usr/local/texlive/2017/texmf-dist/fonts/type1/public/lm/lmbx10.pfb></usr/l
ocal/texlive/2017/texmf-dist/fonts/type1/public/lm/lmbx12.pfb></usr/local/texli
ve/2017/texmf-dist/fonts/type1/public/lm/lmex10.pfb></usr/local/texlive/2017/te
xmf-dist/fonts/type1/public/lm/lmmi10.pfb></usr/local/texlive/2017/texmf-dist/f
onts/type1/public/lm/lmmi6.pfb></usr/local/texlive/2017/texmf-dist/fonts/type1/
public/lm/lmmi8.pfb></usr/local/texlive/2017/texmf-dist/fonts/type1/public/lm/l
mr10.pfb></usr/local/texlive/2017/texmf-dist/fonts/type1/public/lm/lmr6.pfb></u
sr/local/texlive/2017/texmf-dist/fonts/type1/public/lm/lmr8.pfb></usr/local/tex
live/2017/texmf-dist/fonts/type1/public/lm/lmri10.pfb></usr/local/texlive/2017/
texmf-dist/fonts/type1/public/lm/lmro10.pfb></usr/local/texlive/2017/texmf-dist
/fonts/type1/public/lm/lmss10.pfb></usr/local/texlive/2017/texmf-dist/fonts/typ
e1/public/lm/lmsso10.pfb></usr/local/texlive/2017/texmf-dist/fonts/type1/public
/lm/lmsy10.pfb></usr/local/texlive/2017/texmf-dist/fonts/type1/public/lm/lmsy6.
pfb></usr/local/texlive/2017/texmf-dist/fonts/type1/public/lm/lmsy8.pfb></usr/l
ocal/texlive/2017/texmf-dist/fonts/type1/public/lm/lmtt10.pfb></usr/local/texli
ve/2017/texmf-dist/fonts/type1/public/lm/lmtt12.pfb></usr/local/texlive/2017/te
xmf-dist/fonts/type1/public/lm/lmtt8.pfb></usr/local/texlive/2017/texmf-dist/fo
nts/type1/public/lm/lmtto10.pfb></usr/local/texlive/2017/texmf-dist/fonts/type1
/public/amsfonts/symbols/msbm10.pfb>
Output written on vignette-lslx.pdf (38 pages, 761962 bytes).
PDF statistics:
 1086 PDF objects out of 1200 (max. 8388607)
 1002 compressed objects within 11 object streams
 226 named destinations out of 1000 (max. 500000)
 345 words of extra memory for PDF output out of 10000 (max. 10000000)

