\BOOKMARK [1][-]{Section.0.Introduction.1}{Introduction}{}% 1
\BOOKMARK [1][-]{Section.1.Semi-confirmatory SEM and PL.1}{Semi-confirmatory SEM and PL}{}% 2
\BOOKMARK [2][-]{Subsection.2.0.SEM and theory testing.2}{SEM and theory testing}{Section.1.Semi-confirmatory SEM and PL.1}% 3
\BOOKMARK [2][-]{Subsection.2.1.PL for semi-confirmatory SEM.2}{PL for semi-confirmatory SEM}{Section.1.Semi-confirmatory SEM and PL.1}% 4
\BOOKMARK [1][-]{Section.2.Optimization algorithm.1}{Optimization algorithm}{}% 5
\BOOKMARK [2][-]{Subsection.3.0.Outer iteration.2}{Outer iteration}{Section.2.Optimization algorithm.1}% 6
\BOOKMARK [2][-]{Subsection.3.1.Inner iteration.2}{Inner iteration}{Section.2.Optimization algorithm.1}% 7
\BOOKMARK [1][-]{Section.3.lslx package.1}{lslx package}{}% 8
\BOOKMARK [2][-]{Subsection.4.0.Model syntax.2}{Model syntax}{Section.3.lslx package.1}% 9
\BOOKMARK [2][-]{Subsection.4.1.new(), fit(), and summarize() methods .2}{new\(\), fit\(\), and summarize\(\) methods }{Section.3.lslx package.1}% 10
\BOOKMARK [2][-]{Subsection.4.2.Other build-in methods.2}{Other build-in methods}{Section.3.lslx package.1}% 11
\BOOKMARK [2][-]{Subsection.4.3.Practical guidelines.2}{Practical guidelines}{Section.3.lslx package.1}% 12
\BOOKMARK [1][-]{Section.4.Advanced functionality.1}{Advanced functionality}{}% 13
\BOOKMARK [2][-]{Subsection.5.0.Two-stage method for missing data.2}{Two-stage method for missing data}{Section.4.Advanced functionality.1}% 14
\BOOKMARK [2][-]{Subsection.5.1.Multi-group SEM analysis.2}{Multi-group SEM analysis}{Section.4.Advanced functionality.1}% 15
\BOOKMARK [1][-]{Section.5.Numerical comparison with lsl and regsem.1}{Numerical comparison with lsl and regsem}{}% 16
\BOOKMARK [1][-]{Section.6.Conclusions.1}{Conclusions}{}% 17
\BOOKMARK [1][-]{Section..Standard errors and robust degrees of freedom.1}{Standard errors and robust degrees of freedom}{}% 18
\BOOKMARK [1][-]{Section.A.PL procedure with elastic net.1}{PL procedure with elastic net}{}% 19
\BOOKMARK [1][-]{Section.B.Bounds for penalty and convexity level.1}{Bounds for penalty and convexity level}{}% 20
